The target system is: Generic - 1 - 
The host system is: Darwin - 20.1.0 - x86_64
Compiling the C compiler identification source file "CMakeCCompilerId.c" succeeded.
Compiler: /usr/local/bin/arm-none-eabi-gcc 
Build flags: 
Id flags: -c 

The output was:
0


Compilation of the C compiler identification source "CMakeCCompilerId.c" produced "CMakeCCompilerId.o"

The C compiler identification is GNU, found in "/Users/macmo/Documents/SUSTech/CS301/NRFTest/cmake-build-debug/CMakeFiles/3.17.3/CompilerIdC/CMakeCCompilerId.o"

Compiling the CXX compiler identification source file "CMakeCXXCompilerId.cpp" succeeded.
Compiler: /usr/local/bin/arm-none-eabi-g++ 
Build flags: 
Id flags: -c 

The output was:
0


Compilation of the CXX compiler identification source "CMakeCXXCompilerId.cpp" produced "CMakeCXXCompilerId.o"

The CXX compiler identification is GNU, found in "/Users/macmo/Documents/SUSTech/CS301/NRFTest/cmake-build-debug/CMakeFiles/3.17.3/CompilerIdCXX/CMakeCXXCompilerId.o"

Checking whether the ASM compiler is GNU using "--version" matched "(GNU assembler)|(GCC)|(Free Software Foundation)":
arm-none-eabi-gcc (GNU Arm Embedded Toolchain 9-2020-q2-update) 9.3.1 20200408 (release)
Copyright (C) 2019 Free Software Foundation, Inc.
This is free software; see the source for copying conditions.  There is NO
warranty; not even for MERCHANTABILITY or FITNESS FOR A PARTICULAR PURPOSE.

Determining if the C compiler works passed with the following output:
Change Dir: /Users/macmo/Documents/SUSTech/CS301/NRFTest/cmake-build-debug/CMakeFiles/CMakeTmp

Run Build Command(s):/usr/bin/make cmTC_d492d/fast && /Library/Developer/CommandLineTools/usr/bin/make  -f CMakeFiles/cmTC_d492d.dir/build.make CMakeFiles/cmTC_d492d.dir/build
Building C object CMakeFiles/cmTC_d492d.dir/testCCompiler.c.obj
/usr/local/bin/arm-none-eabi-gcc    -o CMakeFiles/cmTC_d492d.dir/testCCompiler.c.obj   -c /Users/macmo/Documents/SUSTech/CS301/NRFTest/cmake-build-debug/CMakeFiles/CMakeTmp/testCCompiler.c
Linking C static library libcmTC_d492d.a
"/Users/macmo/Library/Application Support/JetBrains/Toolbox/apps/CLion/ch-0/202.6948.80/CLion.app/Contents/bin/cmake/mac/bin/cmake" -P CMakeFiles/cmTC_d492d.dir/cmake_clean_target.cmake
"/Users/macmo/Library/Application Support/JetBrains/Toolbox/apps/CLion/ch-0/202.6948.80/CLion.app/Contents/bin/cmake/mac/bin/cmake" -E cmake_link_script CMakeFiles/cmTC_d492d.dir/link.txt --verbose=1
arm-none-eabi-ar qc libcmTC_d492d.a  CMakeFiles/cmTC_d492d.dir/testCCompiler.c.obj
/usr/local/bin/arm-none-eabi-ranlib libcmTC_d492d.a



Detecting C compiler ABI info compiled with the following output:
Change Dir: /Users/macmo/Documents/SUSTech/CS301/NRFTest/cmake-build-debug/CMakeFiles/CMakeTmp

Run Build Command(s):/usr/bin/make cmTC_11ddb/fast && /Library/Developer/CommandLineTools/usr/bin/make  -f CMakeFiles/cmTC_11ddb.dir/build.make CMakeFiles/cmTC_11ddb.dir/build
Building C object CMakeFiles/cmTC_11ddb.dir/CMakeCCompilerABI.c.obj
/usr/local/bin/arm-none-eabi-gcc   -v -o CMakeFiles/cmTC_11ddb.dir/CMakeCCompilerABI.c.obj   -c "/Users/macmo/Library/Application Support/JetBrains/Toolbox/apps/CLion/ch-0/202.6948.80/CLion.app/Contents/bin/cmake/mac/share/cmake-3.17/Modules/CMakeCCompilerABI.c"
Using built-in specs.
COLLECT_GCC=/usr/local/bin/arm-none-eabi-gcc
Target: arm-none-eabi
Configured with: /tmp/jenkins-GCC-9-pipeline-200_20200521_1590053285/src/gcc/configure --target=arm-none-eabi --prefix=/tmp/jenkins-GCC-9-pipeline-200_20200521_1590053285/install-native --libexecdir=/tmp/jenkins-GCC-9-pipeline-200_20200521_1590053285/install-native/lib --infodir=/tmp/jenkins-GCC-9-pipeline-200_20200521_1590053285/install-native/share/doc/gcc-arm-none-eabi/info --mandir=/tmp/jenkins-GCC-9-pipeline-200_20200521_1590053285/install-native/share/doc/gcc-arm-none-eabi/man --htmldir=/tmp/jenkins-GCC-9-pipeline-200_20200521_1590053285/install-native/share/doc/gcc-arm-none-eabi/html --pdfdir=/tmp/jenkins-GCC-9-pipeline-200_20200521_1590053285/install-native/share/doc/gcc-arm-none-eabi/pdf --enable-languages=c,c++ --enable-plugins --disable-decimal-float --disable-libffi --disable-libgomp --disable-libmudflap --disable-libquadmath --disable-libssp --disable-libstdcxx-pch --disable-nls --disable-shared --disable-threads --disable-tls --with-gnu-as --with-gnu-ld --with-newlib --with-headers=yes --with-python-dir=share/gcc-arm-none-eabi --with-sysroot=/tmp/jenkins-GCC-9-pipeline-200_20200521_1590053285/install-native/arm-none-eabi --build=x86_64-apple-darwin10 --host=x86_64-apple-darwin10 --with-gmp=/tmp/jenkins-GCC-9-pipeline-200_20200521_1590053285/build-native/host-libs/usr --with-mpfr=/tmp/jenkins-GCC-9-pipeline-200_20200521_1590053285/build-native/host-libs/usr --with-mpc=/tmp/jenkins-GCC-9-pipeline-200_20200521_1590053285/build-native/host-libs/usr --with-isl=/tmp/jenkins-GCC-9-pipeline-200_20200521_1590053285/build-native/host-libs/usr --with-libelf=/tmp/jenkins-GCC-9-pipeline-200_20200521_1590053285/build-native/host-libs/usr --with-host-libstdcxx='-static-libgcc -Wl,-lstdc++ -lm' --with-pkgversion='GNU Arm Embedded Toolchain 9-2020-q2-update' --with-multilib-list=rmprofile,aprofile
Thread model: single
gcc version 9.3.1 20200408 (release) (GNU Arm Embedded Toolchain 9-2020-q2-update) 
COLLECT_GCC_OPTIONS='-v' '-o' 'CMakeFiles/cmTC_11ddb.dir/CMakeCCompilerABI.c.obj' '-c' '-mcpu=arm7tdmi' '-mfloat-abi=soft' '-marm' '-march=armv4t'
 /usr/local/Caskroom/gcc-arm-embedded/9-2020-q2-update/gcc-arm-none-eabi-9-2020-q2-update/bin/../lib/gcc/arm-none-eabi/9.3.1/cc1 -quiet -v -iprefix /usr/local/Caskroom/gcc-arm-embedded/9-2020-q2-update/gcc-arm-none-eabi-9-2020-q2-update/bin/../lib/gcc/arm-none-eabi/9.3.1/ -isysroot /usr/local/Caskroom/gcc-arm-embedded/9-2020-q2-update/gcc-arm-none-eabi-9-2020-q2-update/bin/../arm-none-eabi -D__USES_INITFINI__ /Users/macmo/Library/Application Support/JetBrains/Toolbox/apps/CLion/ch-0/202.6948.80/CLion.app/Contents/bin/cmake/mac/share/cmake-3.17/Modules/CMakeCCompilerABI.c -quiet -dumpbase CMakeCCompilerABI.c -mcpu=arm7tdmi -mfloat-abi=soft -marm -march=armv4t -auxbase-strip CMakeFiles/cmTC_11ddb.dir/CMakeCCompilerABI.c.obj -version -o /var/folders/qb/pkcjh7gd57g4sp7l93ykpwzw0000gn/T//ccHXAdhI.s
GNU C17 (GNU Arm Embedded Toolchain 9-2020-q2-update) version 9.3.1 20200408 (release) (arm-none-eabi)
	compiled by GNU C version 4.2.1 Compatible Apple LLVM 11.0.0 (clang-1100.0.33.17), GMP version 6.1.0, MPFR version 3.1.4, MPC version 1.0.3, isl version isl-0.18-GMP

GGC heuristics: --param ggc-min-expand=100 --param ggc-min-heapsize=131072
ignoring duplicate directory "/usr/local/Caskroom/gcc-arm-embedded/9-2020-q2-update/gcc-arm-none-eabi-9-2020-q2-update/bin/../lib/gcc/../../lib/gcc/arm-none-eabi/9.3.1/include"
ignoring nonexistent directory "/usr/local/Caskroom/gcc-arm-embedded/9-2020-q2-update/gcc-arm-none-eabi-9-2020-q2-update/bin/../arm-none-eabi/usr/local/include"
ignoring duplicate directory "/usr/local/Caskroom/gcc-arm-embedded/9-2020-q2-update/gcc-arm-none-eabi-9-2020-q2-update/bin/../lib/gcc/../../lib/gcc/arm-none-eabi/9.3.1/include-fixed"
ignoring duplicate directory "/usr/local/Caskroom/gcc-arm-embedded/9-2020-q2-update/gcc-arm-none-eabi-9-2020-q2-update/bin/../lib/gcc/../../lib/gcc/arm-none-eabi/9.3.1/../../../../arm-none-eabi/include"
ignoring nonexistent directory "/usr/local/Caskroom/gcc-arm-embedded/9-2020-q2-update/gcc-arm-none-eabi-9-2020-q2-update/bin/../arm-none-eabi/usr/include"
#include "..." search starts here:
#include <...> search starts here:
 /usr/local/Caskroom/gcc-arm-embedded/9-2020-q2-update/gcc-arm-none-eabi-9-2020-q2-update/bin/../lib/gcc/arm-none-eabi/9.3.1/include
 /usr/local/Caskroom/gcc-arm-embedded/9-2020-q2-update/gcc-arm-none-eabi-9-2020-q2-update/bin/../lib/gcc/arm-none-eabi/9.3.1/include-fixed
 /usr/local/Caskroom/gcc-arm-embedded/9-2020-q2-update/gcc-arm-none-eabi-9-2020-q2-update/bin/../lib/gcc/arm-none-eabi/9.3.1/../../../../arm-none-eabi/include
End of search list.
GNU C17 (GNU Arm Embedded Toolchain 9-2020-q2-update) version 9.3.1 20200408 (release) (arm-none-eabi)
	compiled by GNU C version 4.2.1 Compatible Apple LLVM 11.0.0 (clang-1100.0.33.17), GMP version 6.1.0, MPFR version 3.1.4, MPC version 1.0.3, isl version isl-0.18-GMP

GGC heuristics: --param ggc-min-expand=100 --param ggc-min-heapsize=131072
Compiler executable checksum: c98fc9d12ad05b5a76e372c8d9e5deb7
COLLECT_GCC_OPTIONS='-v' '-o' 'CMakeFiles/cmTC_11ddb.dir/CMakeCCompilerABI.c.obj' '-c' '-mcpu=arm7tdmi' '-mfloat-abi=soft' '-marm' '-march=armv4t'
 /usr/local/Caskroom/gcc-arm-embedded/9-2020-q2-update/gcc-arm-none-eabi-9-2020-q2-update/bin/../lib/gcc/arm-none-eabi/9.3.1/../../../../arm-none-eabi/bin/as -v -march=armv4t -mfloat-abi=soft -meabi=5 -o CMakeFiles/cmTC_11ddb.dir/CMakeCCompilerABI.c.obj /var/folders/qb/pkcjh7gd57g4sp7l93ykpwzw0000gn/T//ccHXAdhI.s
GNU assembler version 2.34.0 (arm-none-eabi) using BFD version (GNU Arm Embedded Toolchain 9-2020-q2-update) 2.34.0.20200428
COMPILER_PATH=/usr/local/Caskroom/gcc-arm-embedded/9-2020-q2-update/gcc-arm-none-eabi-9-2020-q2-update/bin/../lib/gcc/arm-none-eabi/9.3.1/:/usr/local/Caskroom/gcc-arm-embedded/9-2020-q2-update/gcc-arm-none-eabi-9-2020-q2-update/bin/../lib/gcc/:/usr/local/Caskroom/gcc-arm-embedded/9-2020-q2-update/gcc-arm-none-eabi-9-2020-q2-update/bin/../lib/gcc/arm-none-eabi/9.3.1/../../../../arm-none-eabi/bin/
LIBRARY_PATH=/usr/local/Caskroom/gcc-arm-embedded/9-2020-q2-update/gcc-arm-none-eabi-9-2020-q2-update/bin/../lib/gcc/arm-none-eabi/9.3.1/:/usr/local/Caskroom/gcc-arm-embedded/9-2020-q2-update/gcc-arm-none-eabi-9-2020-q2-update/bin/../lib/gcc/:/usr/local/Caskroom/gcc-arm-embedded/9-2020-q2-update/gcc-arm-none-eabi-9-2020-q2-update/bin/../lib/gcc/arm-none-eabi/9.3.1/../../../../arm-none-eabi/lib/:/usr/local/Caskroom/gcc-arm-embedded/9-2020-q2-update/gcc-arm-none-eabi-9-2020-q2-update/bin/../arm-none-eabi/lib/
COLLECT_GCC_OPTIONS='-v' '-o' 'CMakeFiles/cmTC_11ddb.dir/CMakeCCompilerABI.c.obj' '-c' '-mcpu=arm7tdmi' '-mfloat-abi=soft' '-marm' '-march=armv4t'
Linking C static library libcmTC_11ddb.a
"/Users/macmo/Library/Application Support/JetBrains/Toolbox/apps/CLion/ch-0/202.6948.80/CLion.app/Contents/bin/cmake/mac/bin/cmake" -P CMakeFiles/cmTC_11ddb.dir/cmake_clean_target.cmake
"/Users/macmo/Library/Application Support/JetBrains/Toolbox/apps/CLion/ch-0/202.6948.80/CLion.app/Contents/bin/cmake/mac/bin/cmake" -E cmake_link_script CMakeFiles/cmTC_11ddb.dir/link.txt --verbose=1
arm-none-eabi-ar qc libcmTC_11ddb.a  CMakeFiles/cmTC_11ddb.dir/CMakeCCompilerABI.c.obj
/usr/local/bin/arm-none-eabi-ranlib libcmTC_11ddb.a



Parsed C implicit include dir info from above output: rv=done
  found start of include info
  found start of implicit include info
    add: [/usr/local/Caskroom/gcc-arm-embedded/9-2020-q2-update/gcc-arm-none-eabi-9-2020-q2-update/bin/../lib/gcc/arm-none-eabi/9.3.1/include]
    add: [/usr/local/Caskroom/gcc-arm-embedded/9-2020-q2-update/gcc-arm-none-eabi-9-2020-q2-update/bin/../lib/gcc/arm-none-eabi/9.3.1/include-fixed]
    add: [/usr/local/Caskroom/gcc-arm-embedded/9-2020-q2-update/gcc-arm-none-eabi-9-2020-q2-update/bin/../lib/gcc/arm-none-eabi/9.3.1/../../../../arm-none-eabi/include]
  end of search list found
  collapse include dir [/usr/local/Caskroom/gcc-arm-embedded/9-2020-q2-update/gcc-arm-none-eabi-9-2020-q2-update/bin/../lib/gcc/arm-none-eabi/9.3.1/include] ==> [/usr/local/Caskroom/gcc-arm-embedded/9-2020-q2-update/gcc-arm-none-eabi-9-2020-q2-update/lib/gcc/arm-none-eabi/9.3.1/include]
  collapse include dir [/usr/local/Caskroom/gcc-arm-embedded/9-2020-q2-update/gcc-arm-none-eabi-9-2020-q2-update/bin/../lib/gcc/arm-none-eabi/9.3.1/include-fixed] ==> [/usr/local/Caskroom/gcc-arm-embedded/9-2020-q2-update/gcc-arm-none-eabi-9-2020-q2-update/lib/gcc/arm-none-eabi/9.3.1/include-fixed]
  collapse include dir [/usr/local/Caskroom/gcc-arm-embedded/9-2020-q2-update/gcc-arm-none-eabi-9-2020-q2-update/bin/../lib/gcc/arm-none-eabi/9.3.1/../../../../arm-none-eabi/include] ==> [/usr/local/Caskroom/gcc-arm-embedded/9-2020-q2-update/gcc-arm-none-eabi-9-2020-q2-update/arm-none-eabi/include]
  implicit include dirs: [/usr/local/Caskroom/gcc-arm-embedded/9-2020-q2-update/gcc-arm-none-eabi-9-2020-q2-update/lib/gcc/arm-none-eabi/9.3.1/include;/usr/local/Caskroom/gcc-arm-embedded/9-2020-q2-update/gcc-arm-none-eabi-9-2020-q2-update/lib/gcc/arm-none-eabi/9.3.1/include-fixed;/usr/local/Caskroom/gcc-arm-embedded/9-2020-q2-update/gcc-arm-none-eabi-9-2020-q2-update/arm-none-eabi/include]


Parsed C implicit link information from above output:
  link line regex: [^( *|.*[/\])(arm-none-eabi-ld|CMAKE_LINK_STARTFILE-NOTFOUND|([^/\]+-)?ld|collect2)[^/\]*( |$)]
  ignore line: [Change Dir: /Users/macmo/Documents/SUSTech/CS301/NRFTest/cmake-build-debug/CMakeFiles/CMakeTmp]
  ignore line: []
  ignore line: [Run Build Command(s):/usr/bin/make cmTC_11ddb/fast && /Library/Developer/CommandLineTools/usr/bin/make  -f CMakeFiles/cmTC_11ddb.dir/build.make CMakeFiles/cmTC_11ddb.dir/build]
  ignore line: [Building C object CMakeFiles/cmTC_11ddb.dir/CMakeCCompilerABI.c.obj]
  ignore line: [/usr/local/bin/arm-none-eabi-gcc   -v -o CMakeFiles/cmTC_11ddb.dir/CMakeCCompilerABI.c.obj   -c "/Users/macmo/Library/Application Support/JetBrains/Toolbox/apps/CLion/ch-0/202.6948.80/CLion.app/Contents/bin/cmake/mac/share/cmake-3.17/Modules/CMakeCCompilerABI.c"]
  ignore line: [Using built-in specs.]
  ignore line: [COLLECT_GCC=/usr/local/bin/arm-none-eabi-gcc]
  ignore line: [Target: arm-none-eabi]
  ignore line: [Configured with: /tmp/jenkins-GCC-9-pipeline-200_20200521_1590053285/src/gcc/configure --target=arm-none-eabi --prefix=/tmp/jenkins-GCC-9-pipeline-200_20200521_1590053285/install-native --libexecdir=/tmp/jenkins-GCC-9-pipeline-200_20200521_1590053285/install-native/lib --infodir=/tmp/jenkins-GCC-9-pipeline-200_20200521_1590053285/install-native/share/doc/gcc-arm-none-eabi/info --mandir=/tmp/jenkins-GCC-9-pipeline-200_20200521_1590053285/install-native/share/doc/gcc-arm-none-eabi/man --htmldir=/tmp/jenkins-GCC-9-pipeline-200_20200521_1590053285/install-native/share/doc/gcc-arm-none-eabi/html --pdfdir=/tmp/jenkins-GCC-9-pipeline-200_20200521_1590053285/install-native/share/doc/gcc-arm-none-eabi/pdf --enable-languages=c,c++ --enable-plugins --disable-decimal-float --disable-libffi --disable-libgomp --disable-libmudflap --disable-libquadmath --disable-libssp --disable-libstdcxx-pch --disable-nls --disable-shared --disable-threads --disable-tls --with-gnu-as --with-gnu-ld --with-newlib --with-headers=yes --with-python-dir=share/gcc-arm-none-eabi --with-sysroot=/tmp/jenkins-GCC-9-pipeline-200_20200521_1590053285/install-native/arm-none-eabi --build=x86_64-apple-darwin10 --host=x86_64-apple-darwin10 --with-gmp=/tmp/jenkins-GCC-9-pipeline-200_20200521_1590053285/build-native/host-libs/usr --with-mpfr=/tmp/jenkins-GCC-9-pipeline-200_20200521_1590053285/build-native/host-libs/usr --with-mpc=/tmp/jenkins-GCC-9-pipeline-200_20200521_1590053285/build-native/host-libs/usr --with-isl=/tmp/jenkins-GCC-9-pipeline-200_20200521_1590053285/build-native/host-libs/usr --with-libelf=/tmp/jenkins-GCC-9-pipeline-200_20200521_1590053285/build-native/host-libs/usr --with-host-libstdcxx='-static-libgcc -Wl,-lstdc++ -lm' --with-pkgversion='GNU Arm Embedded Toolchain 9-2020-q2-update' --with-multilib-list=rmprofile,aprofile]
  ignore line: [Thread model: single]
  ignore line: [gcc version 9.3.1 20200408 (release) (GNU Arm Embedded Toolchain 9-2020-q2-update) ]
  ignore line: [COLLECT_GCC_OPTIONS='-v' '-o' 'CMakeFiles/cmTC_11ddb.dir/CMakeCCompilerABI.c.obj' '-c' '-mcpu=arm7tdmi' '-mfloat-abi=soft' '-marm' '-march=armv4t']
  ignore line: [ /usr/local/Caskroom/gcc-arm-embedded/9-2020-q2-update/gcc-arm-none-eabi-9-2020-q2-update/bin/../lib/gcc/arm-none-eabi/9.3.1/cc1 -quiet -v -iprefix /usr/local/Caskroom/gcc-arm-embedded/9-2020-q2-update/gcc-arm-none-eabi-9-2020-q2-update/bin/../lib/gcc/arm-none-eabi/9.3.1/ -isysroot /usr/local/Caskroom/gcc-arm-embedded/9-2020-q2-update/gcc-arm-none-eabi-9-2020-q2-update/bin/../arm-none-eabi -D__USES_INITFINI__ /Users/macmo/Library/Application Support/JetBrains/Toolbox/apps/CLion/ch-0/202.6948.80/CLion.app/Contents/bin/cmake/mac/share/cmake-3.17/Modules/CMakeCCompilerABI.c -quiet -dumpbase CMakeCCompilerABI.c -mcpu=arm7tdmi -mfloat-abi=soft -marm -march=armv4t -auxbase-strip CMakeFiles/cmTC_11ddb.dir/CMakeCCompilerABI.c.obj -version -o /var/folders/qb/pkcjh7gd57g4sp7l93ykpwzw0000gn/T//ccHXAdhI.s]
  ignore line: [GNU C17 (GNU Arm Embedded Toolchain 9-2020-q2-update) version 9.3.1 20200408 (release) (arm-none-eabi)]
  ignore line: [	compiled by GNU C version 4.2.1 Compatible Apple LLVM 11.0.0 (clang-1100.0.33.17)  GMP version 6.1.0  MPFR version 3.1.4  MPC version 1.0.3  isl version isl-0.18-GMP]
  ignore line: []
  ignore line: [GGC heuristics: --param ggc-min-expand=100 --param ggc-min-heapsize=131072]
  ignore line: [ignoring duplicate directory "/usr/local/Caskroom/gcc-arm-embedded/9-2020-q2-update/gcc-arm-none-eabi-9-2020-q2-update/bin/../lib/gcc/../../lib/gcc/arm-none-eabi/9.3.1/include"]
  ignore line: [ignoring nonexistent directory "/usr/local/Caskroom/gcc-arm-embedded/9-2020-q2-update/gcc-arm-none-eabi-9-2020-q2-update/bin/../arm-none-eabi/usr/local/include"]
  ignore line: [ignoring duplicate directory "/usr/local/Caskroom/gcc-arm-embedded/9-2020-q2-update/gcc-arm-none-eabi-9-2020-q2-update/bin/../lib/gcc/../../lib/gcc/arm-none-eabi/9.3.1/include-fixed"]
  ignore line: [ignoring duplicate directory "/usr/local/Caskroom/gcc-arm-embedded/9-2020-q2-update/gcc-arm-none-eabi-9-2020-q2-update/bin/../lib/gcc/../../lib/gcc/arm-none-eabi/9.3.1/../../../../arm-none-eabi/include"]
  ignore line: [ignoring nonexistent directory "/usr/local/Caskroom/gcc-arm-embedded/9-2020-q2-update/gcc-arm-none-eabi-9-2020-q2-update/bin/../arm-none-eabi/usr/include"]
  ignore line: [#include "..." search starts here:]
  ignore line: [#include <...> search starts here:]
  ignore line: [ /usr/local/Caskroom/gcc-arm-embedded/9-2020-q2-update/gcc-arm-none-eabi-9-2020-q2-update/bin/../lib/gcc/arm-none-eabi/9.3.1/include]
  ignore line: [ /usr/local/Caskroom/gcc-arm-embedded/9-2020-q2-update/gcc-arm-none-eabi-9-2020-q2-update/bin/../lib/gcc/arm-none-eabi/9.3.1/include-fixed]
  ignore line: [ /usr/local/Caskroom/gcc-arm-embedded/9-2020-q2-update/gcc-arm-none-eabi-9-2020-q2-update/bin/../lib/gcc/arm-none-eabi/9.3.1/../../../../arm-none-eabi/include]
  ignore line: [End of search list.]
  ignore line: [GNU C17 (GNU Arm Embedded Toolchain 9-2020-q2-update) version 9.3.1 20200408 (release) (arm-none-eabi)]
  ignore line: [	compiled by GNU C version 4.2.1 Compatible Apple LLVM 11.0.0 (clang-1100.0.33.17)  GMP version 6.1.0  MPFR version 3.1.4  MPC version 1.0.3  isl version isl-0.18-GMP]
  ignore line: []
  ignore line: [GGC heuristics: --param ggc-min-expand=100 --param ggc-min-heapsize=131072]
  ignore line: [Compiler executable checksum: c98fc9d12ad05b5a76e372c8d9e5deb7]
  ignore line: [COLLECT_GCC_OPTIONS='-v' '-o' 'CMakeFiles/cmTC_11ddb.dir/CMakeCCompilerABI.c.obj' '-c' '-mcpu=arm7tdmi' '-mfloat-abi=soft' '-marm' '-march=armv4t']
  ignore line: [ /usr/local/Caskroom/gcc-arm-embedded/9-2020-q2-update/gcc-arm-none-eabi-9-2020-q2-update/bin/../lib/gcc/arm-none-eabi/9.3.1/../../../../arm-none-eabi/bin/as -v -march=armv4t -mfloat-abi=soft -meabi=5 -o CMakeFiles/cmTC_11ddb.dir/CMakeCCompilerABI.c.obj /var/folders/qb/pkcjh7gd57g4sp7l93ykpwzw0000gn/T//ccHXAdhI.s]
  ignore line: [GNU assembler version 2.34.0 (arm-none-eabi) using BFD version (GNU Arm Embedded Toolchain 9-2020-q2-update) 2.34.0.20200428]
  ignore line: [COMPILER_PATH=/usr/local/Caskroom/gcc-arm-embedded/9-2020-q2-update/gcc-arm-none-eabi-9-2020-q2-update/bin/../lib/gcc/arm-none-eabi/9.3.1/:/usr/local/Caskroom/gcc-arm-embedded/9-2020-q2-update/gcc-arm-none-eabi-9-2020-q2-update/bin/../lib/gcc/:/usr/local/Caskroom/gcc-arm-embedded/9-2020-q2-update/gcc-arm-none-eabi-9-2020-q2-update/bin/../lib/gcc/arm-none-eabi/9.3.1/../../../../arm-none-eabi/bin/]
  ignore line: [LIBRARY_PATH=/usr/local/Caskroom/gcc-arm-embedded/9-2020-q2-update/gcc-arm-none-eabi-9-2020-q2-update/bin/../lib/gcc/arm-none-eabi/9.3.1/:/usr/local/Caskroom/gcc-arm-embedded/9-2020-q2-update/gcc-arm-none-eabi-9-2020-q2-update/bin/../lib/gcc/:/usr/local/Caskroom/gcc-arm-embedded/9-2020-q2-update/gcc-arm-none-eabi-9-2020-q2-update/bin/../lib/gcc/arm-none-eabi/9.3.1/../../../../arm-none-eabi/lib/:/usr/local/Caskroom/gcc-arm-embedded/9-2020-q2-update/gcc-arm-none-eabi-9-2020-q2-update/bin/../arm-none-eabi/lib/]
  ignore line: [COLLECT_GCC_OPTIONS='-v' '-o' 'CMakeFiles/cmTC_11ddb.dir/CMakeCCompilerABI.c.obj' '-c' '-mcpu=arm7tdmi' '-mfloat-abi=soft' '-marm' '-march=armv4t']
  ignore line: [Linking C static library libcmTC_11ddb.a]
  ignore line: ["/Users/macmo/Library/Application Support/JetBrains/Toolbox/apps/CLion/ch-0/202.6948.80/CLion.app/Contents/bin/cmake/mac/bin/cmake" -P CMakeFiles/cmTC_11ddb.dir/cmake_clean_target.cmake]
  ignore line: ["/Users/macmo/Library/Application Support/JetBrains/Toolbox/apps/CLion/ch-0/202.6948.80/CLion.app/Contents/bin/cmake/mac/bin/cmake" -E cmake_link_script CMakeFiles/cmTC_11ddb.dir/link.txt --verbose=1]
  ignore line: [arm-none-eabi-ar qc libcmTC_11ddb.a  CMakeFiles/cmTC_11ddb.dir/CMakeCCompilerABI.c.obj]
  ignore line: [/usr/local/bin/arm-none-eabi-ranlib libcmTC_11ddb.a]
  ignore line: []
  ignore line: []
  implicit libs: []
  implicit dirs: []
  implicit fwks: []


Determining if the CXX compiler works passed with the following output:
Change Dir: /Users/macmo/Documents/SUSTech/CS301/NRFTest/cmake-build-debug/CMakeFiles/CMakeTmp

Run Build Command(s):/usr/bin/make cmTC_09e9f/fast && /Library/Developer/CommandLineTools/usr/bin/make  -f CMakeFiles/cmTC_09e9f.dir/build.make CMakeFiles/cmTC_09e9f.dir/build
Building CXX object CMakeFiles/cmTC_09e9f.dir/testCXXCompiler.cxx.obj
/usr/local/bin/arm-none-eabi-g++     -o CMakeFiles/cmTC_09e9f.dir/testCXXCompiler.cxx.obj -c /Users/macmo/Documents/SUSTech/CS301/NRFTest/cmake-build-debug/CMakeFiles/CMakeTmp/testCXXCompiler.cxx
Linking CXX static library libcmTC_09e9f.a
"/Users/macmo/Library/Application Support/JetBrains/Toolbox/apps/CLion/ch-0/202.6948.80/CLion.app/Contents/bin/cmake/mac/bin/cmake" -P CMakeFiles/cmTC_09e9f.dir/cmake_clean_target.cmake
"/Users/macmo/Library/Application Support/JetBrains/Toolbox/apps/CLion/ch-0/202.6948.80/CLion.app/Contents/bin/cmake/mac/bin/cmake" -E cmake_link_script CMakeFiles/cmTC_09e9f.dir/link.txt --verbose=1
arm-none-eabi-ar qc libcmTC_09e9f.a  CMakeFiles/cmTC_09e9f.dir/testCXXCompiler.cxx.obj
/usr/local/bin/arm-none-eabi-ranlib libcmTC_09e9f.a



Detecting CXX compiler ABI info compiled with the following output:
Change Dir: /Users/macmo/Documents/SUSTech/CS301/NRFTest/cmake-build-debug/CMakeFiles/CMakeTmp

Run Build Command(s):/usr/bin/make cmTC_9736f/fast && /Library/Developer/CommandLineTools/usr/bin/make  -f CMakeFiles/cmTC_9736f.dir/build.make CMakeFiles/cmTC_9736f.dir/build
Building CXX object CMakeFiles/cmTC_9736f.dir/CMakeCXXCompilerABI.cpp.obj
/usr/local/bin/arm-none-eabi-g++    -v -o CMakeFiles/cmTC_9736f.dir/CMakeCXXCompilerABI.cpp.obj -c "/Users/macmo/Library/Application Support/JetBrains/Toolbox/apps/CLion/ch-0/202.6948.80/CLion.app/Contents/bin/cmake/mac/share/cmake-3.17/Modules/CMakeCXXCompilerABI.cpp"
Using built-in specs.
COLLECT_GCC=/usr/local/bin/arm-none-eabi-g++
Target: arm-none-eabi
Configured with: /tmp/jenkins-GCC-9-pipeline-200_20200521_1590053285/src/gcc/configure --target=arm-none-eabi --prefix=/tmp/jenkins-GCC-9-pipeline-200_20200521_1590053285/install-native --libexecdir=/tmp/jenkins-GCC-9-pipeline-200_20200521_1590053285/install-native/lib --infodir=/tmp/jenkins-GCC-9-pipeline-200_20200521_1590053285/install-native/share/doc/gcc-arm-none-eabi/info --mandir=/tmp/jenkins-GCC-9-pipeline-200_20200521_1590053285/install-native/share/doc/gcc-arm-none-eabi/man --htmldir=/tmp/jenkins-GCC-9-pipeline-200_20200521_1590053285/install-native/share/doc/gcc-arm-none-eabi/html --pdfdir=/tmp/jenkins-GCC-9-pipeline-200_20200521_1590053285/install-native/share/doc/gcc-arm-none-eabi/pdf --enable-languages=c,c++ --enable-plugins --disable-decimal-float --disable-libffi --disable-libgomp --disable-libmudflap --disable-libquadmath --disable-libssp --disable-libstdcxx-pch --disable-nls --disable-shared --disable-threads --disable-tls --with-gnu-as --with-gnu-ld --with-newlib --with-headers=yes --with-python-dir=share/gcc-arm-none-eabi --with-sysroot=/tmp/jenkins-GCC-9-pipeline-200_20200521_1590053285/install-native/arm-none-eabi --build=x86_64-apple-darwin10 --host=x86_64-apple-darwin10 --with-gmp=/tmp/jenkins-GCC-9-pipeline-200_20200521_1590053285/build-native/host-libs/usr --with-mpfr=/tmp/jenkins-GCC-9-pipeline-200_20200521_1590053285/build-native/host-libs/usr --with-mpc=/tmp/jenkins-GCC-9-pipeline-200_20200521_1590053285/build-native/host-libs/usr --with-isl=/tmp/jenkins-GCC-9-pipeline-200_20200521_1590053285/build-native/host-libs/usr --with-libelf=/tmp/jenkins-GCC-9-pipeline-200_20200521_1590053285/build-native/host-libs/usr --with-host-libstdcxx='-static-libgcc -Wl,-lstdc++ -lm' --with-pkgversion='GNU Arm Embedded Toolchain 9-2020-q2-update' --with-multilib-list=rmprofile,aprofile
Thread model: single
gcc version 9.3.1 20200408 (release) (GNU Arm Embedded Toolchain 9-2020-q2-update) 
COLLECT_GCC_OPTIONS='-v' '-o' 'CMakeFiles/cmTC_9736f.dir/CMakeCXXCompilerABI.cpp.obj' '-c' '-mcpu=arm7tdmi' '-mfloat-abi=soft' '-marm' '-march=armv4t'
 /usr/local/Caskroom/gcc-arm-embedded/9-2020-q2-update/gcc-arm-none-eabi-9-2020-q2-update/bin/../lib/gcc/arm-none-eabi/9.3.1/cc1plus -quiet -v -iprefix /usr/local/Caskroom/gcc-arm-embedded/9-2020-q2-update/gcc-arm-none-eabi-9-2020-q2-update/bin/../lib/gcc/arm-none-eabi/9.3.1/ -isysroot /usr/local/Caskroom/gcc-arm-embedded/9-2020-q2-update/gcc-arm-none-eabi-9-2020-q2-update/bin/../arm-none-eabi -D__USES_INITFINI__ /Users/macmo/Library/Application Support/JetBrains/Toolbox/apps/CLion/ch-0/202.6948.80/CLion.app/Contents/bin/cmake/mac/share/cmake-3.17/Modules/CMakeCXXCompilerABI.cpp -quiet -dumpbase CMakeCXXCompilerABI.cpp -mcpu=arm7tdmi -mfloat-abi=soft -marm -march=armv4t -auxbase-strip CMakeFiles/cmTC_9736f.dir/CMakeCXXCompilerABI.cpp.obj -version -o /var/folders/qb/pkcjh7gd57g4sp7l93ykpwzw0000gn/T//ccfNUcNV.s
GNU C++14 (GNU Arm Embedded Toolchain 9-2020-q2-update) version 9.3.1 20200408 (release) (arm-none-eabi)
	compiled by GNU C version 4.2.1 Compatible Apple LLVM 11.0.0 (clang-1100.0.33.17), GMP version 6.1.0, MPFR version 3.1.4, MPC version 1.0.3, isl version isl-0.18-GMP

GGC heuristics: --param ggc-min-expand=100 --param ggc-min-heapsize=131072
ignoring duplicate directory "/usr/local/Caskroom/gcc-arm-embedded/9-2020-q2-update/gcc-arm-none-eabi-9-2020-q2-update/bin/../lib/gcc/../../lib/gcc/arm-none-eabi/9.3.1/../../../../arm-none-eabi/include/c++/9.3.1"
ignoring duplicate directory "/usr/local/Caskroom/gcc-arm-embedded/9-2020-q2-update/gcc-arm-none-eabi-9-2020-q2-update/bin/../lib/gcc/../../lib/gcc/arm-none-eabi/9.3.1/../../../../arm-none-eabi/include/c++/9.3.1/arm-none-eabi"
ignoring duplicate directory "/usr/local/Caskroom/gcc-arm-embedded/9-2020-q2-update/gcc-arm-none-eabi-9-2020-q2-update/bin/../lib/gcc/../../lib/gcc/arm-none-eabi/9.3.1/../../../../arm-none-eabi/include/c++/9.3.1/backward"
ignoring duplicate directory "/usr/local/Caskroom/gcc-arm-embedded/9-2020-q2-update/gcc-arm-none-eabi-9-2020-q2-update/bin/../lib/gcc/../../lib/gcc/arm-none-eabi/9.3.1/include"
ignoring nonexistent directory "/usr/local/Caskroom/gcc-arm-embedded/9-2020-q2-update/gcc-arm-none-eabi-9-2020-q2-update/bin/../arm-none-eabi/usr/local/include"
ignoring duplicate directory "/usr/local/Caskroom/gcc-arm-embedded/9-2020-q2-update/gcc-arm-none-eabi-9-2020-q2-update/bin/../lib/gcc/../../lib/gcc/arm-none-eabi/9.3.1/include-fixed"
ignoring duplicate directory "/usr/local/Caskroom/gcc-arm-embedded/9-2020-q2-update/gcc-arm-none-eabi-9-2020-q2-update/bin/../lib/gcc/../../lib/gcc/arm-none-eabi/9.3.1/../../../../arm-none-eabi/include"
ignoring nonexistent directory "/usr/local/Caskroom/gcc-arm-embedded/9-2020-q2-update/gcc-arm-none-eabi-9-2020-q2-update/bin/../arm-none-eabi/usr/include"
#include "..." search starts here:
#include <...> search starts here:
 /usr/local/Caskroom/gcc-arm-embedded/9-2020-q2-update/gcc-arm-none-eabi-9-2020-q2-update/bin/../lib/gcc/arm-none-eabi/9.3.1/../../../../arm-none-eabi/include/c++/9.3.1
 /usr/local/Caskroom/gcc-arm-embedded/9-2020-q2-update/gcc-arm-none-eabi-9-2020-q2-update/bin/../lib/gcc/arm-none-eabi/9.3.1/../../../../arm-none-eabi/include/c++/9.3.1/arm-none-eabi
 /usr/local/Caskroom/gcc-arm-embedded/9-2020-q2-update/gcc-arm-none-eabi-9-2020-q2-update/bin/../lib/gcc/arm-none-eabi/9.3.1/../../../../arm-none-eabi/include/c++/9.3.1/backward
 /usr/local/Caskroom/gcc-arm-embedded/9-2020-q2-update/gcc-arm-none-eabi-9-2020-q2-update/bin/../lib/gcc/arm-none-eabi/9.3.1/include
 /usr/local/Caskroom/gcc-arm-embedded/9-2020-q2-update/gcc-arm-none-eabi-9-2020-q2-update/bin/../lib/gcc/arm-none-eabi/9.3.1/include-fixed
 /usr/local/Caskroom/gcc-arm-embedded/9-2020-q2-update/gcc-arm-none-eabi-9-2020-q2-update/bin/../lib/gcc/arm-none-eabi/9.3.1/../../../../arm-none-eabi/include
End of search list.
GNU C++14 (GNU Arm Embedded Toolchain 9-2020-q2-update) version 9.3.1 20200408 (release) (arm-none-eabi)
	compiled by GNU C version 4.2.1 Compatible Apple LLVM 11.0.0 (clang-1100.0.33.17), GMP version 6.1.0, MPFR version 3.1.4, MPC version 1.0.3, isl version isl-0.18-GMP

GGC heuristics: --param ggc-min-expand=100 --param ggc-min-heapsize=131072
Compiler executable checksum: 8782f4994dbf603a697a2dc7444b5e0e
COLLECT_GCC_OPTIONS='-v' '-o' 'CMakeFiles/cmTC_9736f.dir/CMakeCXXCompilerABI.cpp.obj' '-c' '-mcpu=arm7tdmi' '-mfloat-abi=soft' '-marm' '-march=armv4t'
 /usr/local/Caskroom/gcc-arm-embedded/9-2020-q2-update/gcc-arm-none-eabi-9-2020-q2-update/bin/../lib/gcc/arm-none-eabi/9.3.1/../../../../arm-none-eabi/bin/as -v -march=armv4t -mfloat-abi=soft -meabi=5 -o CMakeFiles/cmTC_9736f.dir/CMakeCXXCompilerABI.cpp.obj /var/folders/qb/pkcjh7gd57g4sp7l93ykpwzw0000gn/T//ccfNUcNV.s
GNU assembler version 2.34.0 (arm-none-eabi) using BFD version (GNU Arm Embedded Toolchain 9-2020-q2-update) 2.34.0.20200428
COMPILER_PATH=/usr/local/Caskroom/gcc-arm-embedded/9-2020-q2-update/gcc-arm-none-eabi-9-2020-q2-update/bin/../lib/gcc/arm-none-eabi/9.3.1/:/usr/local/Caskroom/gcc-arm-embedded/9-2020-q2-update/gcc-arm-none-eabi-9-2020-q2-update/bin/../lib/gcc/:/usr/local/Caskroom/gcc-arm-embedded/9-2020-q2-update/gcc-arm-none-eabi-9-2020-q2-update/bin/../lib/gcc/arm-none-eabi/9.3.1/../../../../arm-none-eabi/bin/
LIBRARY_PATH=/usr/local/Caskroom/gcc-arm-embedded/9-2020-q2-update/gcc-arm-none-eabi-9-2020-q2-update/bin/../lib/gcc/arm-none-eabi/9.3.1/:/usr/local/Caskroom/gcc-arm-embedded/9-2020-q2-update/gcc-arm-none-eabi-9-2020-q2-update/bin/../lib/gcc/:/usr/local/Caskroom/gcc-arm-embedded/9-2020-q2-update/gcc-arm-none-eabi-9-2020-q2-update/bin/../lib/gcc/arm-none-eabi/9.3.1/../../../../arm-none-eabi/lib/:/usr/local/Caskroom/gcc-arm-embedded/9-2020-q2-update/gcc-arm-none-eabi-9-2020-q2-update/bin/../arm-none-eabi/lib/
COLLECT_GCC_OPTIONS='-v' '-o' 'CMakeFiles/cmTC_9736f.dir/CMakeCXXCompilerABI.cpp.obj' '-c' '-mcpu=arm7tdmi' '-mfloat-abi=soft' '-marm' '-march=armv4t'
Linking CXX static library libcmTC_9736f.a
"/Users/macmo/Library/Application Support/JetBrains/Toolbox/apps/CLion/ch-0/202.6948.80/CLion.app/Contents/bin/cmake/mac/bin/cmake" -P CMakeFiles/cmTC_9736f.dir/cmake_clean_target.cmake
"/Users/macmo/Library/Application Support/JetBrains/Toolbox/apps/CLion/ch-0/202.6948.80/CLion.app/Contents/bin/cmake/mac/bin/cmake" -E cmake_link_script CMakeFiles/cmTC_9736f.dir/link.txt --verbose=1
arm-none-eabi-ar qc libcmTC_9736f.a  CMakeFiles/cmTC_9736f.dir/CMakeCXXCompilerABI.cpp.obj
/usr/local/bin/arm-none-eabi-ranlib libcmTC_9736f.a



Parsed CXX implicit include dir info from above output: rv=done
  found start of include info
  found start of implicit include info
    add: [/usr/local/Caskroom/gcc-arm-embedded/9-2020-q2-update/gcc-arm-none-eabi-9-2020-q2-update/bin/../lib/gcc/arm-none-eabi/9.3.1/../../../../arm-none-eabi/include/c++/9.3.1]
    add: [/usr/local/Caskroom/gcc-arm-embedded/9-2020-q2-update/gcc-arm-none-eabi-9-2020-q2-update/bin/../lib/gcc/arm-none-eabi/9.3.1/../../../../arm-none-eabi/include/c++/9.3.1/arm-none-eabi]
    add: [/usr/local/Caskroom/gcc-arm-embedded/9-2020-q2-update/gcc-arm-none-eabi-9-2020-q2-update/bin/../lib/gcc/arm-none-eabi/9.3.1/../../../../arm-none-eabi/include/c++/9.3.1/backward]
    add: [/usr/local/Caskroom/gcc-arm-embedded/9-2020-q2-update/gcc-arm-none-eabi-9-2020-q2-update/bin/../lib/gcc/arm-none-eabi/9.3.1/include]
    add: [/usr/local/Caskroom/gcc-arm-embedded/9-2020-q2-update/gcc-arm-none-eabi-9-2020-q2-update/bin/../lib/gcc/arm-none-eabi/9.3.1/include-fixed]
    add: [/usr/local/Caskroom/gcc-arm-embedded/9-2020-q2-update/gcc-arm-none-eabi-9-2020-q2-update/bin/../lib/gcc/arm-none-eabi/9.3.1/../../../../arm-none-eabi/include]
  end of search list found
  collapse include dir [/usr/local/Caskroom/gcc-arm-embedded/9-2020-q2-update/gcc-arm-none-eabi-9-2020-q2-update/bin/../lib/gcc/arm-none-eabi/9.3.1/../../../../arm-none-eabi/include/c++/9.3.1] ==> [/usr/local/Caskroom/gcc-arm-embedded/9-2020-q2-update/gcc-arm-none-eabi-9-2020-q2-update/arm-none-eabi/include/c++/9.3.1]
  collapse include dir [/usr/local/Caskroom/gcc-arm-embedded/9-2020-q2-update/gcc-arm-none-eabi-9-2020-q2-update/bin/../lib/gcc/arm-none-eabi/9.3.1/../../../../arm-none-eabi/include/c++/9.3.1/arm-none-eabi] ==> [/usr/local/Caskroom/gcc-arm-embedded/9-2020-q2-update/gcc-arm-none-eabi-9-2020-q2-update/arm-none-eabi/include/c++/9.3.1/arm-none-eabi]
  collapse include dir [/usr/local/Caskroom/gcc-arm-embedded/9-2020-q2-update/gcc-arm-none-eabi-9-2020-q2-update/bin/../lib/gcc/arm-none-eabi/9.3.1/../../../../arm-none-eabi/include/c++/9.3.1/backward] ==> [/usr/local/Caskroom/gcc-arm-embedded/9-2020-q2-update/gcc-arm-none-eabi-9-2020-q2-update/arm-none-eabi/include/c++/9.3.1/backward]
  collapse include dir [/usr/local/Caskroom/gcc-arm-embedded/9-2020-q2-update/gcc-arm-none-eabi-9-2020-q2-update/bin/../lib/gcc/arm-none-eabi/9.3.1/include] ==> [/usr/local/Caskroom/gcc-arm-embedded/9-2020-q2-update/gcc-arm-none-eabi-9-2020-q2-update/lib/gcc/arm-none-eabi/9.3.1/include]
  collapse include dir [/usr/local/Caskroom/gcc-arm-embedded/9-2020-q2-update/gcc-arm-none-eabi-9-2020-q2-update/bin/../lib/gcc/arm-none-eabi/9.3.1/include-fixed] ==> [/usr/local/Caskroom/gcc-arm-embedded/9-2020-q2-update/gcc-arm-none-eabi-9-2020-q2-update/lib/gcc/arm-none-eabi/9.3.1/include-fixed]
  collapse include dir [/usr/local/Caskroom/gcc-arm-embedded/9-2020-q2-update/gcc-arm-none-eabi-9-2020-q2-update/bin/../lib/gcc/arm-none-eabi/9.3.1/../../../../arm-none-eabi/include] ==> [/usr/local/Caskroom/gcc-arm-embedded/9-2020-q2-update/gcc-arm-none-eabi-9-2020-q2-update/arm-none-eabi/include]
  implicit include dirs: [/usr/local/Caskroom/gcc-arm-embedded/9-2020-q2-update/gcc-arm-none-eabi-9-2020-q2-update/arm-none-eabi/include/c++/9.3.1;/usr/local/Caskroom/gcc-arm-embedded/9-2020-q2-update/gcc-arm-none-eabi-9-2020-q2-update/arm-none-eabi/include/c++/9.3.1/arm-none-eabi;/usr/local/Caskroom/gcc-arm-embedded/9-2020-q2-update/gcc-arm-none-eabi-9-2020-q2-update/arm-none-eabi/include/c++/9.3.1/backward;/usr/local/Caskroom/gcc-arm-embedded/9-2020-q2-update/gcc-arm-none-eabi-9-2020-q2-update/lib/gcc/arm-none-eabi/9.3.1/include;/usr/local/Caskroom/gcc-arm-embedded/9-2020-q2-update/gcc-arm-none-eabi-9-2020-q2-update/lib/gcc/arm-none-eabi/9.3.1/include-fixed;/usr/local/Caskroom/gcc-arm-embedded/9-2020-q2-update/gcc-arm-none-eabi-9-2020-q2-update/arm-none-eabi/include]


Parsed CXX implicit link information from above output:
  link line regex: [^( *|.*[/\])(arm-none-eabi-ld|CMAKE_LINK_STARTFILE-NOTFOUND|([^/\]+-)?ld|collect2)[^/\]*( |$)]
  ignore line: [Change Dir: /Users/macmo/Documents/SUSTech/CS301/NRFTest/cmake-build-debug/CMakeFiles/CMakeTmp]
  ignore line: []
  ignore line: [Run Build Command(s):/usr/bin/make cmTC_9736f/fast && /Library/Developer/CommandLineTools/usr/bin/make  -f CMakeFiles/cmTC_9736f.dir/build.make CMakeFiles/cmTC_9736f.dir/build]
  ignore line: [Building CXX object CMakeFiles/cmTC_9736f.dir/CMakeCXXCompilerABI.cpp.obj]
  ignore line: [/usr/local/bin/arm-none-eabi-g++    -v -o CMakeFiles/cmTC_9736f.dir/CMakeCXXCompilerABI.cpp.obj -c "/Users/macmo/Library/Application Support/JetBrains/Toolbox/apps/CLion/ch-0/202.6948.80/CLion.app/Contents/bin/cmake/mac/share/cmake-3.17/Modules/CMakeCXXCompilerABI.cpp"]
  ignore line: [Using built-in specs.]
  ignore line: [COLLECT_GCC=/usr/local/bin/arm-none-eabi-g++]
  ignore line: [Target: arm-none-eabi]
  ignore line: [Configured with: /tmp/jenkins-GCC-9-pipeline-200_20200521_1590053285/src/gcc/configure --target=arm-none-eabi --prefix=/tmp/jenkins-GCC-9-pipeline-200_20200521_1590053285/install-native --libexecdir=/tmp/jenkins-GCC-9-pipeline-200_20200521_1590053285/install-native/lib --infodir=/tmp/jenkins-GCC-9-pipeline-200_20200521_1590053285/install-native/share/doc/gcc-arm-none-eabi/info --mandir=/tmp/jenkins-GCC-9-pipeline-200_20200521_1590053285/install-native/share/doc/gcc-arm-none-eabi/man --htmldir=/tmp/jenkins-GCC-9-pipeline-200_20200521_1590053285/install-native/share/doc/gcc-arm-none-eabi/html --pdfdir=/tmp/jenkins-GCC-9-pipeline-200_20200521_1590053285/install-native/share/doc/gcc-arm-none-eabi/pdf --enable-languages=c,c++ --enable-plugins --disable-decimal-float --disable-libffi --disable-libgomp --disable-libmudflap --disable-libquadmath --disable-libssp --disable-libstdcxx-pch --disable-nls --disable-shared --disable-threads --disable-tls --with-gnu-as --with-gnu-ld --with-newlib --with-headers=yes --with-python-dir=share/gcc-arm-none-eabi --with-sysroot=/tmp/jenkins-GCC-9-pipeline-200_20200521_1590053285/install-native/arm-none-eabi --build=x86_64-apple-darwin10 --host=x86_64-apple-darwin10 --with-gmp=/tmp/jenkins-GCC-9-pipeline-200_20200521_1590053285/build-native/host-libs/usr --with-mpfr=/tmp/jenkins-GCC-9-pipeline-200_20200521_1590053285/build-native/host-libs/usr --with-mpc=/tmp/jenkins-GCC-9-pipeline-200_20200521_1590053285/build-native/host-libs/usr --with-isl=/tmp/jenkins-GCC-9-pipeline-200_20200521_1590053285/build-native/host-libs/usr --with-libelf=/tmp/jenkins-GCC-9-pipeline-200_20200521_1590053285/build-native/host-libs/usr --with-host-libstdcxx='-static-libgcc -Wl,-lstdc++ -lm' --with-pkgversion='GNU Arm Embedded Toolchain 9-2020-q2-update' --with-multilib-list=rmprofile,aprofile]
  ignore line: [Thread model: single]
  ignore line: [gcc version 9.3.1 20200408 (release) (GNU Arm Embedded Toolchain 9-2020-q2-update) ]
  ignore line: [COLLECT_GCC_OPTIONS='-v' '-o' 'CMakeFiles/cmTC_9736f.dir/CMakeCXXCompilerABI.cpp.obj' '-c' '-mcpu=arm7tdmi' '-mfloat-abi=soft' '-marm' '-march=armv4t']
  ignore line: [ /usr/local/Caskroom/gcc-arm-embedded/9-2020-q2-update/gcc-arm-none-eabi-9-2020-q2-update/bin/../lib/gcc/arm-none-eabi/9.3.1/cc1plus -quiet -v -iprefix /usr/local/Caskroom/gcc-arm-embedded/9-2020-q2-update/gcc-arm-none-eabi-9-2020-q2-update/bin/../lib/gcc/arm-none-eabi/9.3.1/ -isysroot /usr/local/Caskroom/gcc-arm-embedded/9-2020-q2-update/gcc-arm-none-eabi-9-2020-q2-update/bin/../arm-none-eabi -D__USES_INITFINI__ /Users/macmo/Library/Application Support/JetBrains/Toolbox/apps/CLion/ch-0/202.6948.80/CLion.app/Contents/bin/cmake/mac/share/cmake-3.17/Modules/CMakeCXXCompilerABI.cpp -quiet -dumpbase CMakeCXXCompilerABI.cpp -mcpu=arm7tdmi -mfloat-abi=soft -marm -march=armv4t -auxbase-strip CMakeFiles/cmTC_9736f.dir/CMakeCXXCompilerABI.cpp.obj -version -o /var/folders/qb/pkcjh7gd57g4sp7l93ykpwzw0000gn/T//ccfNUcNV.s]
  ignore line: [GNU C++14 (GNU Arm Embedded Toolchain 9-2020-q2-update) version 9.3.1 20200408 (release) (arm-none-eabi)]
  ignore line: [	compiled by GNU C version 4.2.1 Compatible Apple LLVM 11.0.0 (clang-1100.0.33.17)  GMP version 6.1.0  MPFR version 3.1.4  MPC version 1.0.3  isl version isl-0.18-GMP]
  ignore line: []
  ignore line: [GGC heuristics: --param ggc-min-expand=100 --param ggc-min-heapsize=131072]
  ignore line: [ignoring duplicate directory "/usr/local/Caskroom/gcc-arm-embedded/9-2020-q2-update/gcc-arm-none-eabi-9-2020-q2-update/bin/../lib/gcc/../../lib/gcc/arm-none-eabi/9.3.1/../../../../arm-none-eabi/include/c++/9.3.1"]
  ignore line: [ignoring duplicate directory "/usr/local/Caskroom/gcc-arm-embedded/9-2020-q2-update/gcc-arm-none-eabi-9-2020-q2-update/bin/../lib/gcc/../../lib/gcc/arm-none-eabi/9.3.1/../../../../arm-none-eabi/include/c++/9.3.1/arm-none-eabi"]
  ignore line: [ignoring duplicate directory "/usr/local/Caskroom/gcc-arm-embedded/9-2020-q2-update/gcc-arm-none-eabi-9-2020-q2-update/bin/../lib/gcc/../../lib/gcc/arm-none-eabi/9.3.1/../../../../arm-none-eabi/include/c++/9.3.1/backward"]
  ignore line: [ignoring duplicate directory "/usr/local/Caskroom/gcc-arm-embedded/9-2020-q2-update/gcc-arm-none-eabi-9-2020-q2-update/bin/../lib/gcc/../../lib/gcc/arm-none-eabi/9.3.1/include"]
  ignore line: [ignoring nonexistent directory "/usr/local/Caskroom/gcc-arm-embedded/9-2020-q2-update/gcc-arm-none-eabi-9-2020-q2-update/bin/../arm-none-eabi/usr/local/include"]
  ignore line: [ignoring duplicate directory "/usr/local/Caskroom/gcc-arm-embedded/9-2020-q2-update/gcc-arm-none-eabi-9-2020-q2-update/bin/../lib/gcc/../../lib/gcc/arm-none-eabi/9.3.1/include-fixed"]
  ignore line: [ignoring duplicate directory "/usr/local/Caskroom/gcc-arm-embedded/9-2020-q2-update/gcc-arm-none-eabi-9-2020-q2-update/bin/../lib/gcc/../../lib/gcc/arm-none-eabi/9.3.1/../../../../arm-none-eabi/include"]
  ignore line: [ignoring nonexistent directory "/usr/local/Caskroom/gcc-arm-embedded/9-2020-q2-update/gcc-arm-none-eabi-9-2020-q2-update/bin/../arm-none-eabi/usr/include"]
  ignore line: [#include "..." search starts here:]
  ignore line: [#include <...> search starts here:]
  ignore line: [ /usr/local/Caskroom/gcc-arm-embedded/9-2020-q2-update/gcc-arm-none-eabi-9-2020-q2-update/bin/../lib/gcc/arm-none-eabi/9.3.1/../../../../arm-none-eabi/include/c++/9.3.1]
  ignore line: [ /usr/local/Caskroom/gcc-arm-embedded/9-2020-q2-update/gcc-arm-none-eabi-9-2020-q2-update/bin/../lib/gcc/arm-none-eabi/9.3.1/../../../../arm-none-eabi/include/c++/9.3.1/arm-none-eabi]
  ignore line: [ /usr/local/Caskroom/gcc-arm-embedded/9-2020-q2-update/gcc-arm-none-eabi-9-2020-q2-update/bin/../lib/gcc/arm-none-eabi/9.3.1/../../../../arm-none-eabi/include/c++/9.3.1/backward]
  ignore line: [ /usr/local/Caskroom/gcc-arm-embedded/9-2020-q2-update/gcc-arm-none-eabi-9-2020-q2-update/bin/../lib/gcc/arm-none-eabi/9.3.1/include]
  ignore line: [ /usr/local/Caskroom/gcc-arm-embedded/9-2020-q2-update/gcc-arm-none-eabi-9-2020-q2-update/bin/../lib/gcc/arm-none-eabi/9.3.1/include-fixed]
  ignore line: [ /usr/local/Caskroom/gcc-arm-embedded/9-2020-q2-update/gcc-arm-none-eabi-9-2020-q2-update/bin/../lib/gcc/arm-none-eabi/9.3.1/../../../../arm-none-eabi/include]
  ignore line: [End of search list.]
  ignore line: [GNU C++14 (GNU Arm Embedded Toolchain 9-2020-q2-update) version 9.3.1 20200408 (release) (arm-none-eabi)]
  ignore line: [	compiled by GNU C version 4.2.1 Compatible Apple LLVM 11.0.0 (clang-1100.0.33.17)  GMP version 6.1.0  MPFR version 3.1.4  MPC version 1.0.3  isl version isl-0.18-GMP]
  ignore line: []
  ignore line: [GGC heuristics: --param ggc-min-expand=100 --param ggc-min-heapsize=131072]
  ignore line: [Compiler executable checksum: 8782f4994dbf603a697a2dc7444b5e0e]
  ignore line: [COLLECT_GCC_OPTIONS='-v' '-o' 'CMakeFiles/cmTC_9736f.dir/CMakeCXXCompilerABI.cpp.obj' '-c' '-mcpu=arm7tdmi' '-mfloat-abi=soft' '-marm' '-march=armv4t']
  ignore line: [ /usr/local/Caskroom/gcc-arm-embedded/9-2020-q2-update/gcc-arm-none-eabi-9-2020-q2-update/bin/../lib/gcc/arm-none-eabi/9.3.1/../../../../arm-none-eabi/bin/as -v -march=armv4t -mfloat-abi=soft -meabi=5 -o CMakeFiles/cmTC_9736f.dir/CMakeCXXCompilerABI.cpp.obj /var/folders/qb/pkcjh7gd57g4sp7l93ykpwzw0000gn/T//ccfNUcNV.s]
  ignore line: [GNU assembler version 2.34.0 (arm-none-eabi) using BFD version (GNU Arm Embedded Toolchain 9-2020-q2-update) 2.34.0.20200428]
  ignore line: [COMPILER_PATH=/usr/local/Caskroom/gcc-arm-embedded/9-2020-q2-update/gcc-arm-none-eabi-9-2020-q2-update/bin/../lib/gcc/arm-none-eabi/9.3.1/:/usr/local/Caskroom/gcc-arm-embedded/9-2020-q2-update/gcc-arm-none-eabi-9-2020-q2-update/bin/../lib/gcc/:/usr/local/Caskroom/gcc-arm-embedded/9-2020-q2-update/gcc-arm-none-eabi-9-2020-q2-update/bin/../lib/gcc/arm-none-eabi/9.3.1/../../../../arm-none-eabi/bin/]
  ignore line: [LIBRARY_PATH=/usr/local/Caskroom/gcc-arm-embedded/9-2020-q2-update/gcc-arm-none-eabi-9-2020-q2-update/bin/../lib/gcc/arm-none-eabi/9.3.1/:/usr/local/Caskroom/gcc-arm-embedded/9-2020-q2-update/gcc-arm-none-eabi-9-2020-q2-update/bin/../lib/gcc/:/usr/local/Caskroom/gcc-arm-embedded/9-2020-q2-update/gcc-arm-none-eabi-9-2020-q2-update/bin/../lib/gcc/arm-none-eabi/9.3.1/../../../../arm-none-eabi/lib/:/usr/local/Caskroom/gcc-arm-embedded/9-2020-q2-update/gcc-arm-none-eabi-9-2020-q2-update/bin/../arm-none-eabi/lib/]
  ignore line: [COLLECT_GCC_OPTIONS='-v' '-o' 'CMakeFiles/cmTC_9736f.dir/CMakeCXXCompilerABI.cpp.obj' '-c' '-mcpu=arm7tdmi' '-mfloat-abi=soft' '-marm' '-march=armv4t']
  ignore line: [Linking CXX static library libcmTC_9736f.a]
  ignore line: ["/Users/macmo/Library/Application Support/JetBrains/Toolbox/apps/CLion/ch-0/202.6948.80/CLion.app/Contents/bin/cmake/mac/bin/cmake" -P CMakeFiles/cmTC_9736f.dir/cmake_clean_target.cmake]
  ignore line: ["/Users/macmo/Library/Application Support/JetBrains/Toolbox/apps/CLion/ch-0/202.6948.80/CLion.app/Contents/bin/cmake/mac/bin/cmake" -E cmake_link_script CMakeFiles/cmTC_9736f.dir/link.txt --verbose=1]
  ignore line: [arm-none-eabi-ar qc libcmTC_9736f.a  CMakeFiles/cmTC_9736f.dir/CMakeCXXCompilerABI.cpp.obj]
  ignore line: [/usr/local/bin/arm-none-eabi-ranlib libcmTC_9736f.a]
  ignore line: []
  ignore line: []
  implicit libs: []
  implicit dirs: []
  implicit fwks: []


